xinlangweibo/build/outputs/logs/manifest-merger-debug-report.txt
-- Merging decision tree log ---
manifest
ADDED from src\main\AndroidManifest.xml:2:1-94:12
	package
		ADDED from src\main\AndroidManifest.xml:3:5-34
		INJECTED from src\main\AndroidManifest.xml
		INJECTED from src\main\AndroidManifest.xml
	android:versionName
		ADDED from src\main\AndroidManifest.xml:5:5-30
		INJECTED from src\main\AndroidManifest.xml
		INJECTED from src\main\AndroidManifest.xml
	android:versionCode
		ADDED from src\main\AndroidManifest.xml:4:5-28
		INJECTED from src\main\AndroidManifest.xml
		INJECTED from src\main\AndroidManifest.xml
	xmlns:android
		ADDED from src\main\AndroidManifest.xml:2:11-69
uses-sdk
ADDED from src\main\AndroidManifest.xml:7:5-9:41
MERGED from [Xinlangweibo1:pulltorefresh:unspecified] AndroidManifest.xml:7:5-9:40
MERGED from [com.android.support:support-v4:24.1.1] AndroidManifest.xml:21:5-23:54
MERGED from [Xinlangweibo1:weiboSDK1:unspecified] AndroidManifest.xml:7:5-9:40
MERGED from [com.android.support:support-v4:24.1.1] AndroidManifest.xml:21:5-23:54
MERGED from [Xinlangweibo1:library:unspecified] AndroidManifest.xml:7:5-9:41
MERGED from [com.jakewharton:butterknife:8.2.1] AndroidManifest.xml:5:5-43
MERGED from [com.android.support:appcompat-v7:24.1.1] AndroidManifest.xml:21:5-23:78
MERGED from [com.android.support:animated-vector-drawable:24.1.1] AndroidManifest.xml:20:5-44
MERGED from [com.android.support:support-vector-drawable:24.1.1] AndroidManifest.xml:21:5-43
MERGED from [com.android.support:support-v4:24.1.1] AndroidManifest.xml:21:5-23:54
MERGED from [com.android.support:support-v4:24.1.1] AndroidManifest.xml:21:5-23:54
MERGED from [com.android.support:support-vector-drawable:24.1.1] AndroidManifest.xml:21:5-43
MERGED from [com.android.support:support-v4:24.1.1] AndroidManifest.xml:21:5-23:54
MERGED from [com.android.support:recyclerview-v7:23.4.0] AndroidManifest.xml:20:5-43
MERGED from [com.android.support:support-v4:24.1.1] AndroidManifest.xml:21:5-23:54
MERGED from [com.android.support:support-v4:24.1.1] AndroidManifest.xml:21:5-23:54
MERGED from [com.android.support:recyclerview-v7:23.4.0] AndroidManifest.xml:20:5-43
MERGED from [com.android.support:support-v4:24.1.1] AndroidManifest.xml:21:5-23:54
MERGED from [com.android.support:cardview-v7:23.0.1] AndroidManifest.xml:20:5-43
MERGED from [com.android.support:design:23.0.1] AndroidManifest.xml:20:5-43
MERGED from [com.android.support:support-v4:24.1.1] AndroidManifest.xml:21:5-23:54
MERGED from [com.android.support:appcompat-v7:24.1.1] AndroidManifest.xml:21:5-23:78
MERGED from [com.android.support:animated-vector-drawable:24.1.1] AndroidManifest.xml:20:5-44
MERGED from [com.android.support:support-vector-drawable:24.1.1] AndroidManifest.xml:21:5-43
MERGED from [com.android.support:support-v4:24.1.1] AndroidManifest.xml:21:5-23:54
MERGED from [com.android.support:support-v4:24.1.1] AndroidManifest.xml:21:5-23:54
MERGED from [com.android.support:support-vector-drawable:24.1.1] AndroidManifest.xml:21:5-43
MERGED from [com.android.support:support-v4:24.1.1] AndroidManifest.xml:21:5-23:54
MERGED from [com.android.support:appcompat-v7:24.1.1] AndroidManifest.xml:21:5-23:78
MERGED from [com.android.support:animated-vector-drawable:24.1.1] AndroidManifest.xml:20:5-44
MERGED from [com.android.support:support-vector-drawable:24.1.1] AndroidManifest.xml:21:5-43
MERGED from [com.android.support:support-v4:24.1.1] AndroidManifest.xml:21:5-23:54
MERGED from [com.android.support:support-v4:24.1.1] AndroidManifest.xml:21:5-23:54
MERGED from [com.android.support:support-vector-drawable:24.1.1] AndroidManifest.xml:21:5-43
MERGED from [com.android.support:support-v4:24.1.1] AndroidManifest.xml:21:5-23:54
MERGED from [com.zhy:percent-support-extends:1.0.1] AndroidManifest.xml:7:5-9:41
MERGED from [com.android.support:appcompat-v7:24.1.1] AndroidManifest.xml:21:5-23:78
MERGED from [com.android.support:animated-vector-drawable:24.1.1] AndroidManifest.xml:20:5-44
MERGED from [com.android.support:support-vector-drawable:24.1.1] AndroidManifest.xml:21:5-43
MERGED from [com.android.support:support-v4:24.1.1] AndroidManifest.xml:21:5-23:54
MERGED from [com.android.support:support-v4:24.1.1] AndroidManifest.xml:21:5-23:54
MERGED from [com.android.support:support-vector-drawable:24.1.1] AndroidManifest.xml:21:5-43
MERGED from [com.android.support:support-v4:24.1.1] AndroidManifest.xml:21:5-23:54
MERGED from [com.jakewharton:butterknife:8.2.1] AndroidManifest.xml:5:5-43
MERGED from [com.github.afollestad.material-dialogs:core:0.8.5.1] AndroidManifest.xml:8:5-11:75
MERGED from [com.android.support:support-v4:24.1.1] AndroidManifest.xml:21:5-23:54
MERGED from [me.zhanghai.android.materialprogressbar:library:1.1.4] AndroidManifest.xml:11:5-13:41
MERGED from [com.android.support:appcompat-v7:24.1.1] AndroidManifest.xml:21:5-23:78
MERGED from [com.android.support:animated-vector-drawable:24.1.1] AndroidManifest.xml:20:5-44
MERGED from [com.android.support:support-vector-drawable:24.1.1] AndroidManifest.xml:21:5-43
MERGED from [com.android.support:support-v4:24.1.1] AndroidManifest.xml:21:5-23:54
MERGED from [com.android.support:support-v4:24.1.1] AndroidManifest.xml:21:5-23:54
MERGED from [com.android.support:support-vector-drawable:24.1.1] AndroidManifest.xml:21:5-43
MERGED from [com.android.support:support-v4:24.1.1] AndroidManifest.xml:21:5-23:54
MERGED from [com.android.support:appcompat-v7:24.1.1] AndroidManifest.xml:21:5-23:78
MERGED from [com.android.support:animated-vector-drawable:24.1.1] AndroidManifest.xml:20:5-44
MERGED from [com.android.support:support-vector-drawable:24.1.1] AndroidManifest.xml:21:5-43
MERGED from [com.android.support:support-v4:24.1.1] AndroidManifest.xml:21:5-23:54
MERGED from [com.android.support:support-v4:24.1.1] AndroidManifest.xml:21:5-23:54
MERGED from [com.android.support:support-vector-drawable:24.1.1] AndroidManifest.xml:21:5-43
MERGED from [com.android.support:support-v4:24.1.1] AndroidManifest.xml:21:5-23:54
MERGED from [com.android.support:recyclerview-v7:23.4.0] AndroidManifest.xml:20:5-43
MERGED from [com.android.support:support-v4:24.1.1] AndroidManifest.xml:21:5-23:54
MERGED from [io.reactivex:rxandroid:1.1.0] AndroidManifest.xml:19:5-43
MERGED from [com.trello:rxlifecycle-components:0.6.1] AndroidManifest.xml:17:5-44
MERGED from [com.trello:rxlifecycle:0.6.1] AndroidManifest.xml:17:5-44
MERGED from [com.jakewharton.rxbinding:rxbinding:0.4.0] AndroidManifest.xml:6:5-44
MERGED from [io.reactivex:rxandroid:1.1.0] AndroidManifest.xml:19:5-43
MERGED from [com.android.support:appcompat-v7:24.1.1] AndroidManifest.xml:21:5-23:78
MERGED from [com.android.support:animated-vector-drawable:24.1.1] AndroidManifest.xml:20:5-44
MERGED from [com.android.support:support-vector-drawable:24.1.1] AndroidManifest.xml:21:5-43
MERGED from [com.android.support:support-v4:24.1.1] AndroidManifest.xml:21:5-23:54
MERGED from [com.android.support:support-v4:24.1.1] AndroidManifest.xml:21:5-23:54
MERGED from [com.android.support:support-vector-drawable:24.1.1] AndroidManifest.xml:21:5-43
MERGED from [com.android.support:support-v4:24.1.1] AndroidManifest.xml:21:5-23:54
MERGED from [com.blankj:utilcode:1.2.1] AndroidManifest.xml:7:5-9:41
MERGED from [me.imid.swipebacklayout.lib:library:1.0.0] AndroidManifest.xml:7:5-9:41
MERGED from [com.android.support:support-v4:24.1.1] AndroidManifest.xml:21:5-23:54
MERGED from [com.flyco.tablayout:FlycoTabLayout_Lib:2.0.0] AndroidManifest.xml:7:5-9:41
MERGED from [fm.jiecao:jiecaovideoplayer:4.8.3] AndroidManifest.xml:8:5-11:104
MERGED from [com.android.support:appcompat-v7:24.1.1] AndroidManifest.xml:21:5-23:78
MERGED from [com.android.support:animated-vector-drawable:24.1.1] AndroidManifest.xml:20:5-44
MERGED from [com.android.support:support-vector-drawable:24.1.1] AndroidManifest.xml:21:5-43
MERGED from [com.android.support:support-v4:24.1.1] AndroidManifest.xml:21:5-23:54
MERGED from [com.android.support:support-v4:24.1.1] AndroidManifest.xml:21:5-23:54
MERGED from [com.android.support:support-vector-drawable:24.1.1] AndroidManifest.xml:21:5-43
MERGED from [com.android.support:support-v4:24.1.1] AndroidManifest.xml:21:5-23:54
MERGED from [tv.danmaku.ijk.media:ijkplayer-java:0.7.4] AndroidManifest.xml:5:5-7:41
MERGED from [tv.danmaku.ijk.media:ijkplayer-armv7a:0.7.4] AndroidManifest.xml:5:5-7:41
MERGED from [tv.danmaku.ijk.media:ijkplayer-arm64:0.7.4] AndroidManifest.xml:5:5-7:41
MERGED from [tv.danmaku.ijk.media:ijkplayer-x86:0.7.4] AndroidManifest.xml:5:5-7:41
MERGED from [tv.danmaku.ijk.media:ijkplayer-x86_64:0.7.4] AndroidManifest.xml:5:5-7:41
MERGED from [com.squareup.leakcanary:leakcanary-android:1.3] AndroidManifest.xml:20:5-22:41
	tools:overrideLibrary
		ADDED from [com.android.support:support-v4:24.1.1] AndroidManifest.xml:23:9-51
	android:targetSdkVersion
		ADDED from src\main\AndroidManifest.xml:9:9-38
		INJECTED from src\main\AndroidManifest.xml
		INJECTED from src\main\AndroidManifest.xml
	android:minSdkVersion
		ADDED from src\main\AndroidManifest.xml:8:9-35
		INJECTED from src\main\AndroidManifest.xml
		INJECTED from src\main\AndroidManifest.xml
uses-permission#android.permission.INTERNET
ADDED from src\main\AndroidManifest.xml:11:5-67
	android:name
		ADDED from src\main\AndroidManifest.xml:11:22-64
uses-permission#android.permission.ACCESS_WIFI_STATE
ADDED from src\main\AndroidManifest.xml:12:5-76
	android:name
		ADDED from src\main\AndroidManifest.xml:12:22-73
uses-permission#android.permission.ACCESS_NETWORK_STATE
ADDED from src\main\AndroidManifest.xml:13:5-79
MERGED from [fm.jiecao:jiecaovideoplayer:4.8.3] AndroidManifest.xml:13:5-79
	android:name
		ADDED from src\main\AndroidManifest.xml:13:22-76
uses-permission#android.permission.WRITE_EXTERNAL_STORAGE
ADDED from src\main\AndroidManifest.xml:14:5-81
	android:name
		ADDED from src\main\AndroidManifest.xml:14:22-78
uses-permission#android.permission.READ_PHONE_STATE
ADDED from src\main\AndroidManifest.xml:16:5-75
	android:name
		ADDED from src\main\AndroidManifest.xml:16:22-72
uses-permission#android.permission.READ_EXTERNAL_STORAGE
ADDED from src\main\AndroidManifest.xml:17:5-80
	android:name
		ADDED from src\main\AndroidManifest.xml:17:22-77
application
ADDED from src\main\AndroidManifest.xml:19:5-92:19
MERGED from [Xinlangweibo1:pulltorefresh:unspecified] AndroidManifest.xml:11:5-20
MERGED from [com.android.support:support-v4:24.1.1] AndroidManifest.xml:25:5-20
MERGED from [com.android.support:support-v4:24.1.1] AndroidManifest.xml:25:5-20
MERGED from [Xinlangweibo1:library:unspecified] AndroidManifest.xml:11:5-15:19
MERGED from [com.android.support:appcompat-v7:24.1.1] AndroidManifest.xml:25:5-20
MERGED from [com.android.support:animated-vector-drawable:24.1.1] AndroidManifest.xml:22:5-20
MERGED from [com.android.support:support-vector-drawable:24.1.1] AndroidManifest.xml:23:5-20
MERGED from [com.android.support:support-v4:24.1.1] AndroidManifest.xml:25:5-20
MERGED from [com.android.support:support-v4:24.1.1] AndroidManifest.xml:25:5-20
MERGED from [com.android.support:support-vector-drawable:24.1.1] AndroidManifest.xml:23:5-20
MERGED from [com.android.support:support-v4:24.1.1] AndroidManifest.xml:25:5-20
MERGED from [com.android.support:support-v4:24.1.1] AndroidManifest.xml:25:5-20
MERGED from [com.android.support:support-v4:24.1.1] AndroidManifest.xml:25:5-20
MERGED from [com.android.support:support-v4:24.1.1] AndroidManifest.xml:25:5-20
MERGED from [com.android.support:cardview-v7:23.0.1] AndroidManifest.xml:22:5-20
MERGED from [com.android.support:design:23.0.1] AndroidManifest.xml:22:5-20
MERGED from [com.android.support:support-v4:24.1.1] AndroidManifest.xml:25:5-20
MERGED from [com.android.support:appcompat-v7:24.1.1] AndroidManifest.xml:25:5-20
MERGED from [com.android.support:animated-vector-drawable:24.1.1] AndroidManifest.xml:22:5-20
MERGED from [com.android.support:support-vector-drawable:24.1.1] AndroidManifest.xml:23:5-20
MERGED from [com.android.support:support-v4:24.1.1] AndroidManifest.xml:25:5-20
MERGED from [com.android.support:support-v4:24.1.1] AndroidManifest.xml:25:5-20
MERGED from [com.android.support:support-vector-drawable:24.1.1] AndroidManifest.xml:23:5-20
MERGED from [com.android.support:support-v4:24.1.1] AndroidManifest.xml:25:5-20
MERGED from [com.android.support:appcompat-v7:24.1.1] AndroidManifest.xml:25:5-20
MERGED from [com.android.support:animated-vector-drawable:24.1.1] AndroidManifest.xml:22:5-20
MERGED from [com.android.support:support-vector-drawable:24.1.1] AndroidManifest.xml:23:5-20
MERGED from [com.android.support:support-v4:24.1.1] AndroidManifest.xml:25:5-20
MERGED from [com.android.support:support-v4:24.1.1] AndroidManifest.xml:25:5-20
MERGED from [com.android.support:support-vector-drawable:24.1.1] AndroidManifest.xml:23:5-20
MERGED from [com.android.support:support-v4:24.1.1] AndroidManifest.xml:25:5-20
MERGED from [com.zhy:percent-support-extends:1.0.1] AndroidManifest.xml:11:5-14:19
MERGED from [com.android.support:appcompat-v7:24.1.1] AndroidManifest.xml:25:5-20
MERGED from [com.android.support:animated-vector-drawable:24.1.1] AndroidManifest.xml:22:5-20
MERGED from [com.android.support:support-vector-drawable:24.1.1] AndroidManifest.xml:23:5-20
MERGED from [com.android.support:support-v4:24.1.1] AndroidManifest.xml:25:5-20
MERGED from [com.android.support:support-v4:24.1.1] AndroidManifest.xml:25:5-20
MERGED from [com.android.support:support-vector-drawable:24.1.1] AndroidManifest.xml:23:5-20
MERGED from [com.android.support:support-v4:24.1.1] AndroidManifest.xml:25:5-20
MERGED from [com.github.afollestad.material-dialogs:core:0.8.5.1] AndroidManifest.xml:13:5-20
MERGED from [com.android.support:support-v4:24.1.1] AndroidManifest.xml:25:5-20
MERGED from [com.android.support:appcompat-v7:24.1.1] AndroidManifest.xml:25:5-20
MERGED from [com.android.support:animated-vector-drawable:24.1.1] AndroidManifest.xml:22:5-20
MERGED from [com.android.support:support-vector-drawable:24.1.1] AndroidManifest.xml:23:5-20
MERGED from [com.android.support:support-v4:24.1.1] AndroidManifest.xml:25:5-20
MERGED from [com.android.support:support-v4:24.1.1] AndroidManifest.xml:25:5-20
MERGED from [com.android.support:support-vector-drawable:24.1.1] AndroidManifest.xml:23:5-20
MERGED from [com.android.support:support-v4:24.1.1] AndroidManifest.xml:25:5-20
MERGED from [com.android.support:appcompat-v7:24.1.1] AndroidManifest.xml:25:5-20
MERGED from [com.android.support:animated-vector-drawable:24.1.1] AndroidManifest.xml:22:5-20
MERGED from [com.android.support:support-vector-drawable:24.1.1] AndroidManifest.xml:23:5-20
MERGED from [com.android.support:support-v4:24.1.1] AndroidManifest.xml:25:5-20
MERGED from [com.android.support:support-v4:24.1.1] AndroidManifest.xml:25:5-20
MERGED from [com.android.support:support-vector-drawable:24.1.1] AndroidManifest.xml:23:5-20
MERGED from [com.android.support:support-v4:24.1.1] AndroidManifest.xml:25:5-20
MERGED from [com.android.support:support-v4:24.1.1] AndroidManifest.xml:25:5-20
MERGED from [com.android.support:appcompat-v7:24.1.1] AndroidManifest.xml:25:5-20
MERGED from [com.android.support:animated-vector-drawable:24.1.1] AndroidManifest.xml:22:5-20
MERGED from [com.android.support:support-vector-drawable:24.1.1] AndroidManifest.xml:23:5-20
MERGED from [com.android.support:support-v4:24.1.1] AndroidManifest.xml:25:5-20
MERGED from [com.android.support:support-v4:24.1.1] AndroidManifest.xml:25:5-20
MERGED from [com.android.support:support-vector-drawable:24.1.1] AndroidManifest.xml:23:5-20
MERGED from [com.android.support:support-v4:24.1.1] AndroidManifest.xml:25:5-20
MERGED from [com.blankj:utilcode:1.2.1] AndroidManifest.xml:11:5-15:19
MERGED from [me.imid.swipebacklayout.lib:library:1.0.0] AndroidManifest.xml:11:5-20
MERGED from [com.android.support:support-v4:24.1.1] AndroidManifest.xml:25:5-20
MERGED from [com.flyco.tablayout:FlycoTabLayout_Lib:2.0.0] AndroidManifest.xml:11:5-14:19
MERGED from [fm.jiecao:jiecaovideoplayer:4.8.3] AndroidManifest.xml:15:5-17:38
MERGED from [com.android.support:appcompat-v7:24.1.1] AndroidManifest.xml:25:5-20
MERGED from [com.android.support:animated-vector-drawable:24.1.1] AndroidManifest.xml:22:5-20
MERGED from [com.android.support:support-vector-drawable:24.1.1] AndroidManifest.xml:23:5-20
MERGED from [com.android.support:support-v4:24.1.1] AndroidManifest.xml:25:5-20
MERGED from [com.android.support:support-v4:24.1.1] AndroidManifest.xml:25:5-20
MERGED from [com.android.support:support-vector-drawable:24.1.1] AndroidManifest.xml:23:5-20
MERGED from [com.android.support:support-v4:24.1.1] AndroidManifest.xml:25:5-20
MERGED from [com.squareup.leakcanary:leakcanary-android:1.3] AndroidManifest.xml:24:5-46:19
	android:label
		ADDED from src\main\AndroidManifest.xml:23:9-41
	android:supportsRtl
		ADDED from [Xinlangweibo1:library:unspecified] AndroidManifest.xml:14:9-35
	android:allowBackup
		ADDED from src\main\AndroidManifest.xml:21:9-35
	android:icon
		ADDED from src\main\AndroidManifest.xml:22:9-45
	android:theme
		ADDED from src\main\AndroidManifest.xml:24:9-40
	android:name
		ADDED from src\main\AndroidManifest.xml:20:9-40
meta-data#com.jy.xinlangweibo.utils.CommonImageLoader.MyGlideModule
ADDED from src\main\AndroidManifest.xml:26:9-28:43
	android:value
		ADDED from src\main\AndroidManifest.xml:28:13-40
	android:name
		ADDED from src\main\AndroidManifest.xml:27:13-85
activity#com.jy.xinlangweibo.ui.activity.FirstActivity
ADDED from src\main\AndroidManifest.xml:30:9-38:20
	android:theme
		ADDED from src\main\AndroidManifest.xml:32:13-64
	android:name
		ADDED from src\main\AndroidManifest.xml:31:13-54
intent-filter#android.intent.action.MAIN+android.intent.category.LAUNCHER
ADDED from src\main\AndroidManifest.xml:33:13-37:29
action#android.intent.action.MAIN
ADDED from src\main\AndroidManifest.xml:34:17-69
	android:name
		ADDED from src\main\AndroidManifest.xml:34:25-66
category#android.intent.category.LAUNCHER
ADDED from src\main\AndroidManifest.xml:36:17-77
	android:name
		ADDED from src\main\AndroidManifest.xml:36:27-74
activity#com.jy.xinlangweibo.ui.activity.MainActivity
ADDED from src\main\AndroidManifest.xml:40:9-42:61
	android:theme
		ADDED from src\main\AndroidManifest.xml:42:13-58
	android:name
		ADDED from src\main\AndroidManifest.xml:41:13-53
activity#com.sina.weibo.sdk.component.WeiboSdkBrowser
ADDED from src\main\AndroidManifest.xml:44:9-48:58
	android:exported
		ADDED from src\main\AndroidManifest.xml:47:13-37
	android:windowSoftInputMode
		ADDED from src\main\AndroidManifest.xml:48:13-55
	android:configChanges
		ADDED from src\main\AndroidManifest.xml:46:13-63
	android:name
		ADDED from src\main\AndroidManifest.xml:45:13-72
activity#com.jy.xinlangweibo.ui.activity.LoginActivity
ADDED from src\main\AndroidManifest.xml:50:9-63
	android:name
		ADDED from src\main\AndroidManifest.xml:50:19-60
activity#com.jy.xinlangweibo.ui.activity.base.FragmentToolbarActivity
ADDED from src\main\AndroidManifest.xml:52:9-53:73
	android:theme
		ADDED from src\main\AndroidManifest.xml:53:17-71
	android:name
		ADDED from src\main\AndroidManifest.xml:52:19-75
activity#com.jy.xinlangweibo.ui.activity.StatusDetailsActivity
ADDED from src\main\AndroidManifest.xml:55:9-56:66
	android:theme
		ADDED from src\main\AndroidManifest.xml:56:13-64
	android:name
		ADDED from src\main\AndroidManifest.xml:55:19-68
activity#com.jy.xinlangweibo.ui.activity.StatusDetails2Activity
ADDED from src\main\AndroidManifest.xml:57:9-58:66
	android:theme
		ADDED from src\main\AndroidManifest.xml:58:13-64
	android:name
		ADDED from src\main\AndroidManifest.xml:57:19-69
activity#com.jy.xinlangweibo.ui.activity.BGAPhotoPickerActivity
ADDED from src\main\AndroidManifest.xml:60:9-72
	android:name
		ADDED from src\main\AndroidManifest.xml:60:19-69
activity#com.jy.xinlangweibo.ui.activity.BGAPhotoPickerPreviewActivity
ADDED from src\main\AndroidManifest.xml:62:9-79
	android:name
		ADDED from src\main\AndroidManifest.xml:62:19-76
activity#com.jy.xinlangweibo.ui.activity.WriteStatusActivity
ADDED from src\main\AndroidManifest.xml:64:9-67:69
	android:windowSoftInputMode
		ADDED from src\main\AndroidManifest.xml:66:13-67
	android:theme
		ADDED from src\main\AndroidManifest.xml:67:13-67
	android:name
		ADDED from src\main\AndroidManifest.xml:65:13-60
activity#com.jy.xinlangweibo.ui.activity.WebActivity
ADDED from src\main\AndroidManifest.xml:72:9-75:58
	android:label
		ADDED from src\main\AndroidManifest.xml:75:13-55
	android:hardwareAccelerated
		ADDED from src\main\AndroidManifest.xml:74:13-47
	android:name
		ADDED from src\main\AndroidManifest.xml:73:13-52
activity#com.jy.xinlangweibo.ui.activity.UserShowActivity
ADDED from src\main\AndroidManifest.xml:77:9-85:20
	android:theme
		ADDED from src\main\AndroidManifest.xml:79:13-57
	android:name
		ADDED from src\main\AndroidManifest.xml:78:13-57
intent-filter#android.intent.action.VIEW+android.intent.category.DEFAULT
ADDED from src\main\AndroidManifest.xml:80:13-84:29
category#android.intent.category.DEFAULT
ADDED from src\main\AndroidManifest.xml:81:17-75
	android:name
		ADDED from src\main\AndroidManifest.xml:81:27-73
action#android.intent.action.VIEW
ADDED from src\main\AndroidManifest.xml:82:17-69
	android:name
		ADDED from src\main\AndroidManifest.xml:82:25-66
data
ADDED from src\main\AndroidManifest.xml:83:17-70
	android:scheme
		ADDED from src\main\AndroidManifest.xml:83:23-68
activity#com.jy.xinlangweibo.ui.activity.VideoInfoActivity
ADDED from src\main\AndroidManifest.xml:87:9-88:76
	android:configChanges
		ADDED from src\main\AndroidManifest.xml:88:13-74
	android:name
		ADDED from src\main\AndroidManifest.xml:87:19-64
service#com.jy.xinlangweibo.service.publish.PublishService
ADDED from src\main\AndroidManifest.xml:90:9-66
	android:name
		ADDED from src\main\AndroidManifest.xml:90:18-64
service#com.squareup.leakcanary.internal.HeapAnalyzerService
ADDED from [com.squareup.leakcanary:leakcanary-android:1.3] AndroidManifest.xml:25:9-28:45
	android:enabled
		ADDED from [com.squareup.leakcanary:leakcanary-android:1.3] AndroidManifest.xml:27:13-36
	android:process
		ADDED from [com.squareup.leakcanary:leakcanary-android:1.3] AndroidManifest.xml:28:13-42
	android:name
		ADDED from [com.squareup.leakcanary:leakcanary-android:1.3] AndroidManifest.xml:26:13-80
service#com.squareup.leakcanary.DisplayLeakService
ADDED from [com.squareup.leakcanary:leakcanary-android:1.3] AndroidManifest.xml:29:9-31:39
	android:enabled
		ADDED from [com.squareup.leakcanary:leakcanary-android:1.3] AndroidManifest.xml:31:13-36
	android:name
		ADDED from [com.squareup.leakcanary:leakcanary-android:1.3] AndroidManifest.xml:30:13-70
activity#com.squareup.leakcanary.internal.DisplayLeakActivity
ADDED from [com.squareup.leakcanary:leakcanary-android:1.3] AndroidManifest.xml:33:9-45:20
	android:enabled
		ADDED from [com.squareup.leakcanary:leakcanary-android:1.3] AndroidManifest.xml:35:13-36
	android:label
		ADDED from [com.squareup.leakcanary:leakcanary-android:1.3] AndroidManifest.xml:37:13-73
	android:icon
		ADDED from [com.squareup.leakcanary:leakcanary-android:1.3] AndroidManifest.xml:36:13-56
	android:theme
		ADDED from [com.squareup.leakcanary:leakcanary-android:1.3] AndroidManifest.xml:39:13-53
	android:taskAffinity
		ADDED from [com.squareup.leakcanary:leakcanary-android:1.3] AndroidManifest.xml:38:13-59
	android:name
		ADDED from [com.squareup.leakcanary:leakcanary-android:1.3] AndroidManifest.xml:34:13-80